<?xml version="1.0" encoding="UTF-8"?>
<!-- Generated by org.testng.reporters.JUnitXMLReporter -->
<testsuite ignored="0" hostname="RizwanA_DSG" failures="1" tests="18" name="Command line test" time="388.349" errors="0" timestamp="2022-08-09T20:35:54 IST">
  <testcase classname="TestScenarios.TC_001_NTBLeadCreation" name="CreateNewLead" time="13.087"/>
  <testcase classname="TestScenarios.TC_001_NTBLeadCreation" name="CreateNewLead1" time="38.045"/>
  <testcase classname="TestScenarios.TC_003_NTBDocsCollectionEmployed" name="CreateNewLeadCollEmp" time="11.695"/>
  <testcase classname="TestScenarios.TC_003_NTBDocsCollectionEmployed" name="CreateNewLeadCollEmp1" time="36.844"/>
  <testcase classname="TestScenarios.TC_003_NTBDocsCollectionEmployed" name="CreateNewLeadCollEmp2" time="7.076"/>
  <testcase classname="TestScenarios.TC_003_NTBDocsCollectionEmployed" name="CreateNewLeadCollEmp3" time="16.449"/>
  <testcase classname="TestScenarios.TC_003_NTBDocsCollectionEmployed" name="CreateNewLeadCollEmp4" time="34.775"/>
  <testcase classname="TestScenarios.TC_003_NTBDocsCollectionEmployed" name="CreateNewLeadCollEmp5" time="30.164">
    <failure type="org.openqa.selenium.NoSuchElementException" message="no such element: Unable to locate element: {&amp;quot;method&amp;quot;:&amp;quot;css selector&amp;quot;,&amp;quot;selector&amp;quot;:&amp;quot;i[class=&amp;apos;icon icon icon-screenflow&amp;apos;]&amp;quot;}
  (Session info: chrome=103.0.5060.134)
For documentation on this error, please visit: https://selenium.dev/exceptions/#no_such_element
Build info: version: &amp;apos;4.3.0&amp;apos;, revision: &amp;apos;a4995e2c09*&amp;apos;
System info: host: &amp;apos;RIZWANA_DSG&amp;apos;, ip: &amp;apos;192.168.1.184&amp;apos;, os.name: &amp;apos;Windows 10&amp;apos;, os.arch: &amp;apos;amd64&amp;apos;, os.version: &amp;apos;10.0&amp;apos;, java.version: &amp;apos;18.0.1&amp;apos;
Driver info: org.openqa.selenium.chrome.ChromeDriver
Command: [b63f57d6344007ac25c37a620e9ed903, findElement {using=css selector, value=i[class=&amp;apos;icon icon icon-screenflow&amp;apos;]}]
Capabilities {acceptInsecureCerts: false, browserName: chrome, browserVersion: 103.0.5060.134, chrome: {chromedriverVersion: 103.0.5060.53 (a1711811edd7..., userDataDir: C:\Users\RIZWAN~1\AppData\L...}, goog:chromeOptions: {debuggerAddress: localhost:59430}, networkConnectionEnabled: false, pageLoadStrategy: normal, platformName: WINDOWS, proxy: Proxy(), se:cdp: ws://localhost:59430/devtoo..., se:cdpVersion: 103.0.5060.134, setWindowRect: true, strictFileInteractability: false, timeouts: {implicit: 0, pageLoad: 300000, script: 30000}, unhandledPromptBehavior: dismiss and notify, webauthn:extension:credBlob: true, webauthn:extension:largeBlob: true, webauthn:virtualAuthenticators: true}
Session ID: b63f57d6344007ac25c37a620e9ed903">
      <![CDATA[org.openqa.selenium.NoSuchElementException: no such element: Unable to locate element: {"method":"css selector","selector":"i[class='icon icon icon-screenflow']"}
  (Session info: chrome=103.0.5060.134)
For documentation on this error, please visit: https://selenium.dev/exceptions/#no_such_element
Build info: version: '4.3.0', revision: 'a4995e2c09*'
System info: host: 'RIZWANA_DSG', ip: '192.168.1.184', os.name: 'Windows 10', os.arch: 'amd64', os.version: '10.0', java.version: '18.0.1'
Driver info: org.openqa.selenium.chrome.ChromeDriver
Command: [b63f57d6344007ac25c37a620e9ed903, findElement {using=css selector, value=i[class='icon icon icon-screenflow']}]
Capabilities {acceptInsecureCerts: false, browserName: chrome, browserVersion: 103.0.5060.134, chrome: {chromedriverVersion: 103.0.5060.53 (a1711811edd7..., userDataDir: C:\Users\RIZWAN~1\AppData\L...}, goog:chromeOptions: {debuggerAddress: localhost:59430}, networkConnectionEnabled: false, pageLoadStrategy: normal, platformName: WINDOWS, proxy: Proxy(), se:cdp: ws://localhost:59430/devtoo..., se:cdpVersion: 103.0.5060.134, setWindowRect: true, strictFileInteractability: false, timeouts: {implicit: 0, pageLoad: 300000, script: 30000}, unhandledPromptBehavior: dismiss and notify, webauthn:extension:credBlob: true, webauthn:extension:largeBlob: true, webauthn:virtualAuthenticators: true}
Session ID: b63f57d6344007ac25c37a620e9ed903
at org.openqa.selenium.remote.codec.w3c.W3CHttpResponseCodec.createException(W3CHttpResponseCodec.java:200)
at org.openqa.selenium.remote.codec.w3c.W3CHttpResponseCodec.decode(W3CHttpResponseCodec.java:133)
at org.openqa.selenium.remote.codec.w3c.W3CHttpResponseCodec.decode(W3CHttpResponseCodec.java:53)
at org.openqa.selenium.remote.HttpCommandExecutor.execute(HttpCommandExecutor.java:184)
at org.openqa.selenium.remote.service.DriverCommandExecutor.invokeExecute(DriverCommandExecutor.java:167)
at org.openqa.selenium.remote.service.DriverCommandExecutor.execute(DriverCommandExecutor.java:142)
at org.openqa.selenium.remote.RemoteWebDriver.execute(RemoteWebDriver.java:569)
at org.openqa.selenium.remote.ElementLocation$ElementFinder$2.findElement(ElementLocation.java:162)
at org.openqa.selenium.remote.ElementLocation.findElement(ElementLocation.java:60)
at org.openqa.selenium.remote.RemoteWebDriver.findElement(RemoteWebDriver.java:387)
at org.openqa.selenium.remote.RemoteWebDriver.findElement(RemoteWebDriver.java:379)
at org.openqa.selenium.support.pagefactory.DefaultElementLocator.findElement(DefaultElementLocator.java:70)
at org.openqa.selenium.support.pagefactory.internal.LocatingElementHandler.invoke(LocatingElementHandler.java:39)
at jdk.proxy2/jdk.proxy2.$Proxy28.click(Unknown Source)
at crm.mhc.pages.methods.CollectDocsLeadPageMethod.clickCRRSCButton(CollectDocsLeadPageMethod.java:418)
at TestScenarios.TC_003_NTBDocsCollectionEmployed.CreateNewLeadCollEmp5(TC_003_NTBDocsCollectionEmployed.java:161)
at java.base/java.util.ArrayList.forEach(ArrayList.java:1511)
at UI.script1$7.actionPerformed(script1.java:334)
at java.desktop/javax.swing.AbstractButton.fireActionPerformed(AbstractButton.java:1972)
at java.desktop/javax.swing.AbstractButton$Handler.actionPerformed(AbstractButton.java:2313)
at java.desktop/javax.swing.DefaultButtonModel.fireActionPerformed(DefaultButtonModel.java:405)
at java.desktop/javax.swing.DefaultButtonModel.setPressed(DefaultButtonModel.java:262)
at java.desktop/javax.swing.plaf.basic.BasicButtonListener.mouseReleased(BasicButtonListener.java:279)
at java.desktop/java.awt.Component.processMouseEvent(Component.java:6616)
at java.desktop/javax.swing.JComponent.processMouseEvent(JComponent.java:3398)
at java.desktop/java.awt.Component.processEvent(Component.java:6381)
at java.desktop/java.awt.Container.processEvent(Container.java:2266)
at java.desktop/java.awt.Component.dispatchEventImpl(Component.java:4991)
at java.desktop/java.awt.Container.dispatchEventImpl(Container.java:2324)
at java.desktop/java.awt.Component.dispatchEvent(Component.java:4823)
at java.desktop/java.awt.LightweightDispatcher.retargetMouseEvent(Container.java:4948)
at java.desktop/java.awt.LightweightDispatcher.processMouseEvent(Container.java:4575)
at java.desktop/java.awt.LightweightDispatcher.dispatchEvent(Container.java:4516)
at java.desktop/java.awt.Container.dispatchEventImpl(Container.java:2310)
at java.desktop/java.awt.Window.dispatchEventImpl(Window.java:2780)
at java.desktop/java.awt.Component.dispatchEvent(Component.java:4823)
at java.desktop/java.awt.EventQueue.dispatchEventImpl(EventQueue.java:775)
at java.desktop/java.awt.EventQueue$4.run(EventQueue.java:720)
at java.desktop/java.awt.EventQueue$4.run(EventQueue.java:714)
at java.base/java.security.AccessController.doPrivileged(AccessController.java:399)
at java.base/java.security.ProtectionDomain$JavaSecurityAccessImpl.doIntersectionPrivilege(ProtectionDomain.java:86)
at java.base/java.security.ProtectionDomain$JavaSecurityAccessImpl.doIntersectionPrivilege(ProtectionDomain.java:97)
at java.desktop/java.awt.EventQueue$5.run(EventQueue.java:747)
at java.desktop/java.awt.EventQueue$5.run(EventQueue.java:745)
at java.base/java.security.AccessController.doPrivileged(AccessController.java:399)
at java.base/java.security.ProtectionDomain$JavaSecurityAccessImpl.doIntersectionPrivilege(ProtectionDomain.java:86)
at java.desktop/java.awt.EventQueue.dispatchEvent(EventQueue.java:744)
at java.desktop/java.awt.EventDispatchThread.pumpOneEventForFilters(EventDispatchThread.java:203)
at java.desktop/java.awt.EventDispatchThread.pumpEventsForFilter(EventDispatchThread.java:124)
at java.desktop/java.awt.EventDispatchThread.pumpEventsForHierarchy(EventDispatchThread.java:113)
at java.desktop/java.awt.EventDispatchThread.pumpEvents(EventDispatchThread.java:109)
at java.desktop/java.awt.EventDispatchThread.pumpEvents(EventDispatchThread.java:101)
at java.desktop/java.awt.EventDispatchThread.run(EventDispatchThread.java:90)
... Removed 25 stack frames]]>
    </failure>
  </testcase> <!-- CreateNewLeadCollEmp5 -->
  <testcase classname="TestScenarios.TC_004_LeadDocsCollectedUnEmployed" name="LeadDocsCollectedUnEmployed" time="12.076"/>
  <testcase classname="TestScenarios.TC_004_LeadDocsCollectedUnEmployed" name="LeadDocsCollectedUnEmployed1" time="39.969"/>
  <testcase classname="TestScenarios.TC_004_LeadDocsCollectedUnEmployed" name="LeadDocsCollectedUnEmployed2" time="9.426"/>
  <testcase classname="TestScenarios.TC_004_LeadDocsCollectedUnEmployed" name="LeadDocsCollectedUnEmployed3" time="2.55"/>
  <testcase classname="TestScenarios.TC_004_LeadDocsCollectedUnEmployed" name="LeadDocsCollectedUnEmployed4" time="12.534"/>
  <testcase classname="TestScenarios.TC_005_LeadDocsCollectedSelfEmployed" name="CreateNewLeadCollSelfEmp" time="14.661"/>
  <testcase classname="TestScenarios.TC_005_LeadDocsCollectedSelfEmployed" name="CreateNewLeadCollSelfEmp1" time="41.423"/>
  <testcase classname="TestScenarios.TC_005_LeadDocsCollectedSelfEmployed" name="CreateNewLeadCollSelfEmp2" time="8.942"/>
  <testcase classname="TestScenarios.TC_005_LeadDocsCollectedSelfEmployed" name="CreateNewLeadCollSelfEmp3" time="16.018"/>
  <testcase classname="TestScenarios.TC_005_LeadDocsCollectedSelfEmployed" name="CreateNewLeadCollSelfEmp4" time="18.515"/>
</testsuite> <!-- Command line test -->
